{"C:\\Users\\Angala_devine\\OneDrive\\Documents\\Angela\\Mtech_Semester1\\Experiments\\VCNT\\CodeWork\\Exp3_4\\fcc-unit-converter\\controllers\\convertHandler.js": {"path":"C:\\Users\\Angala_devine\\OneDrive\\Documents\\Angela\\Mtech_Semester1\\Experiments\\VCNT\\CodeWork\\Exp3_4\\fcc-unit-converter\\controllers\\convertHandler.js","statementMap":{"0":{"start":{"line":8,"column":14},"end":{"line":15,"column":1}},"1":{"start":{"line":19,"column":2},"end":{"line":31,"column":4}},"2":{"start":{"line":20,"column":24},"end":{"line":20,"column":54}},"3":{"start":{"line":21,"column":4},"end":{"line":22,"column":15}},"4":{"start":{"line":22,"column":6},"end":{"line":22,"column":15}},"5":{"start":{"line":23,"column":4},"end":{"line":25,"column":5}},"6":{"start":{"line":24,"column":7},"end":{"line":24,"column":20}},"7":{"start":{"line":26,"column":4},"end":{"line":30,"column":5}},"8":{"start":{"line":27,"column":6},"end":{"line":27,"column":33}},"9":{"start":{"line":29,"column":8},"end":{"line":29,"column":21}},"10":{"start":{"line":33,"column":2},"end":{"line":38,"column":4}},"11":{"start":{"line":34,"column":15},"end":{"line":34,"column":42}},"12":{"start":{"line":35,"column":4},"end":{"line":36,"column":32}},"13":{"start":{"line":36,"column":6},"end":{"line":36,"column":32}},"14":{"start":{"line":37,"column":4},"end":{"line":37,"column":17}},"15":{"start":{"line":40,"column":2},"end":{"line":42,"column":4}},"16":{"start":{"line":41,"column":4},"end":{"line":41,"column":38}},"17":{"start":{"line":44,"column":2},"end":{"line":46,"column":4}},"18":{"start":{"line":45,"column":4},"end":{"line":45,"column":36}},"19":{"start":{"line":48,"column":2},"end":{"line":50,"column":4}},"20":{"start":{"line":49,"column":4},"end":{"line":49,"column":61}},"21":{"start":{"line":52,"column":2},"end":{"line":54,"column":4}},"22":{"start":{"line":53,"column":4},"end":{"line":53,"column":113}},"23":{"start":{"line":58,"column":0},"end":{"line":58,"column":32}}},"fnMap":{"0":{"name":"ConvertHandler","decl":{"start":{"line":17,"column":9},"end":{"line":17,"column":23}},"loc":{"start":{"line":17,"column":26},"end":{"line":56,"column":1}},"line":17},"1":{"name":"(anonymous_1)","decl":{"start":{"line":19,"column":16},"end":{"line":19,"column":17}},"loc":{"start":{"line":19,"column":32},"end":{"line":31,"column":3}},"line":19},"2":{"name":"(anonymous_2)","decl":{"start":{"line":33,"column":17},"end":{"line":33,"column":18}},"loc":{"start":{"line":33,"column":33},"end":{"line":38,"column":3}},"line":33},"3":{"name":"(anonymous_3)","decl":{"start":{"line":40,"column":23},"end":{"line":40,"column":24}},"loc":{"start":{"line":40,"column":42},"end":{"line":42,"column":3}},"line":40},"4":{"name":"(anonymous_4)","decl":{"start":{"line":44,"column":22},"end":{"line":44,"column":23}},"loc":{"start":{"line":44,"column":37},"end":{"line":46,"column":3}},"line":44},"5":{"name":"(anonymous_5)","decl":{"start":{"line":48,"column":17},"end":{"line":48,"column":18}},"loc":{"start":{"line":48,"column":45},"end":{"line":50,"column":3}},"line":48},"6":{"name":"(anonymous_6)","decl":{"start":{"line":52,"column":19},"end":{"line":52,"column":20}},"loc":{"start":{"line":52,"column":70},"end":{"line":54,"column":3}},"line":52}},"branchMap":{"0":{"loc":{"start":{"line":21,"column":4},"end":{"line":22,"column":15}},"type":"if","locations":[{"start":{"line":21,"column":4},"end":{"line":22,"column":15}},{"start":{},"end":{}}],"line":21},"1":{"loc":{"start":{"line":23,"column":4},"end":{"line":25,"column":5}},"type":"if","locations":[{"start":{"line":23,"column":4},"end":{"line":25,"column":5}},{"start":{},"end":{}}],"line":23},"2":{"loc":{"start":{"line":23,"column":8},"end":{"line":23,"column":40}},"type":"binary-expr","locations":[{"start":{"line":23,"column":8},"end":{"line":23,"column":34}},{"start":{"line":23,"column":38},"end":{"line":23,"column":40}}],"line":23},"3":{"loc":{"start":{"line":35,"column":4},"end":{"line":36,"column":32}},"type":"if","locations":[{"start":{"line":35,"column":4},"end":{"line":36,"column":32}},{"start":{},"end":{}}],"line":35}},"s":{"0":1,"1":1,"2":6,"3":6,"4":1,"5":5,"6":1,"7":4,"8":4,"9":0,"10":1,"11":13,"12":13,"13":12,"14":1,"15":1,"16":6,"17":1,"18":6,"19":1,"20":6,"21":1,"22":0,"23":1},"f":{"0":1,"1":6,"2":13,"3":6,"4":6,"5":6,"6":0},"b":{"0":[1,5],"1":[1,4],"2":[5,1],"3":[12,1]},"_coverageSchema":"1a1c01bbd47fc00a2c39e90264f33305004495a9","hash":"908ebe94b3f4949f7355eaeb33c3da6b69c5901a"}
}
