TN:
SF:controllers\convertHandler.js
FN:17,ConvertHandler
FN:19,(anonymous_1)
FN:33,(anonymous_2)
FN:40,(anonymous_3)
FN:44,(anonymous_4)
FN:48,(anonymous_5)
FN:52,(anonymous_6)
FNF:7
FNH:6
FNDA:1,ConvertHandler
FNDA:6,(anonymous_1)
FNDA:13,(anonymous_2)
FNDA:6,(anonymous_3)
FNDA:6,(anonymous_4)
FNDA:6,(anonymous_5)
FNDA:0,(anonymous_6)
DA:8,1
DA:19,1
DA:20,6
DA:21,6
DA:22,1
DA:23,5
DA:24,1
DA:26,4
DA:27,4
DA:29,0
DA:33,1
DA:34,13
DA:35,13
DA:36,12
DA:37,1
DA:40,1
DA:41,6
DA:44,1
DA:45,6
DA:48,1
DA:49,6
DA:52,1
DA:53,0
DA:58,1
LF:24
LH:22
BRDA:21,0,0,1
BRDA:21,0,1,5
BRDA:23,1,0,1
BRDA:23,1,1,4
BRDA:23,2,0,5
BRDA:23,2,1,1
BRDA:35,3,0,12
BRDA:35,3,1,1
BRF:8
BRH:8
end_of_record
